[05-Jul-2025 10:30:19 UTC] PHP Fatal error:  Uncaught TypeError: call_user_func_array(): Argument #1 ($callback) must be a valid callback, function "cfapi_handle_form_submission" not found or invalid function name in E:\xampp\htdocs\wordpress-demo\wp-includes\class-wp-hook.php:324
Stack trace:
#0 E:\xampp\htdocs\wordpress-demo\wp-includes\class-wp-hook.php(348): WP_Hook->apply_filters('', Array)
#1 E:\xampp\htdocs\wordpress-demo\wp-includes\plugin.php(517): WP_Hook->do_action(Array)
#2 E:\xampp\htdocs\wordpress-demo\wp-admin\admin-ajax.php(192): do_action('wp_ajax_cfapi_s...')
#3 {main}
  thrown in E:\xampp\htdocs\wordpress-demo\wp-includes\class-wp-hook.php on line 324
[05-Jul-2025 10:35:02 UTC] PHP Fatal error:  Uncaught TypeError: call_user_func_array(): Argument #1 ($callback) must be a valid callback, function "cfapi_handle_form_submission" not found or invalid function name in E:\xampp\htdocs\wordpress-demo\wp-includes\class-wp-hook.php:324
Stack trace:
#0 E:\xampp\htdocs\wordpress-demo\wp-includes\class-wp-hook.php(348): WP_Hook->apply_filters('', Array)
#1 E:\xampp\htdocs\wordpress-demo\wp-includes\plugin.php(517): WP_Hook->do_action(Array)
#2 E:\xampp\htdocs\wordpress-demo\wp-admin\admin-ajax.php(192): do_action('wp_ajax_cfapi_s...')
#3 {main}
  thrown in E:\xampp\htdocs\wordpress-demo\wp-includes\class-wp-hook.php on line 324
[05-Jul-2025 10:41:04 UTC] PHP Fatal error:  Uncaught TypeError: call_user_func_array(): Argument #1 ($callback) must be a valid callback, function "cfapi_handle_form_submission" not found or invalid function name in E:\xampp\htdocs\wordpress-demo\wp-includes\class-wp-hook.php:324
Stack trace:
#0 E:\xampp\htdocs\wordpress-demo\wp-includes\class-wp-hook.php(348): WP_Hook->apply_filters('', Array)
#1 E:\xampp\htdocs\wordpress-demo\wp-includes\plugin.php(517): WP_Hook->do_action(Array)
#2 E:\xampp\htdocs\wordpress-demo\wp-admin\admin-ajax.php(192): do_action('wp_ajax_cfapi_s...')
#3 {main}
  thrown in E:\xampp\htdocs\wordpress-demo\wp-includes\class-wp-hook.php on line 324
[05-Jul-2025 10:43:22 UTC] PHP Fatal error:  Uncaught TypeError: call_user_func_array(): Argument #1 ($callback) must be a valid callback, function "cfapi_handle_form_submission" not found or invalid function name in E:\xampp\htdocs\wordpress-demo\wp-includes\class-wp-hook.php:324
Stack trace:
#0 E:\xampp\htdocs\wordpress-demo\wp-includes\class-wp-hook.php(348): WP_Hook->apply_filters('', Array)
#1 E:\xampp\htdocs\wordpress-demo\wp-includes\plugin.php(517): WP_Hook->do_action(Array)
#2 E:\xampp\htdocs\wordpress-demo\wp-admin\admin-ajax.php(192): do_action('wp_ajax_cfapi_s...')
#3 {main}
  thrown in E:\xampp\htdocs\wordpress-demo\wp-includes\class-wp-hook.php on line 324
[05-Jul-2025 12:19:36 UTC] PHP Warning:  Undefined variable $name in E:\xampp\htdocs\wordpress-demo\wp-content\plugins\custom-form-api\custom-form-api.php on line 153
[05-Jul-2025 12:19:37 UTC] PHP Warning:  Undefined variable $email in E:\xampp\htdocs\wordpress-demo\wp-content\plugins\custom-form-api\custom-form-api.php on line 154
[05-Jul-2025 12:19:37 UTC] PHP Warning:  Undefined variable $phone in E:\xampp\htdocs\wordpress-demo\wp-content\plugins\custom-form-api\custom-form-api.php on line 155
[05-Jul-2025 12:19:37 UTC] PHP Warning:  Undefined variable $gender in E:\xampp\htdocs\wordpress-demo\wp-content\plugins\custom-form-api\custom-form-api.php on line 156
[05-Jul-2025 12:19:37 UTC] PHP Warning:  Undefined variable $country in E:\xampp\htdocs\wordpress-demo\wp-content\plugins\custom-form-api\custom-form-api.php on line 157
[05-Jul-2025 12:39:12 UTC] PHP Warning:  wp_update_plugins(): An unexpected error occurred. Something may be wrong with WordPress.org or this server&#8217;s configuration. If you continue to have problems, please try the <a href="https://wordpress.org/support/forums/">support forums</a>. (WordPress could not establish a secure connection to WordPress.org. Please contact your server administrator.) in E:\xampp\htdocs\wordpress-demo\wp-includes\functions.php on line 6121
[06-Jul-2025 12:16:30 UTC] Automatic updates starting...
[06-Jul-2025 12:16:31 UTC]   Automatic plugin updates starting...
[06-Jul-2025 12:16:32 UTC]   Automatic plugin updates complete.
[06-Jul-2025 12:16:33 UTC] Automatic updates complete.
[06-Jul-2025 14:00:19 UTC] PHP Parse error:  syntax error, unexpected token "if", expecting "function" or "const" in E:\xampp\htdocs\wordpress-demo\wp-content\plugins\custom-form-api\custom-form-api.php on line 174
[06-Jul-2025 14:01:54 UTC] PHP Parse error:  syntax error, unexpected token "if", expecting "function" or "const" in E:\xampp\htdocs\wordpress-demo\wp-content\plugins\custom-form-api\custom-form-api.php on line 163
[06-Jul-2025 14:03:56 UTC] PHP Parse error:  syntax error, unexpected identifier "display_custom_form_submissions", expecting variable in E:\xampp\htdocs\wordpress-demo\wp-content\plugins\custom-form-api\custom-form-api.php on line 173
[06-Jul-2025 14:05:47 UTC] PHP Parse error:  syntax error, unexpected token "if", expecting "function" or "const" in E:\xampp\htdocs\wordpress-demo\wp-content\plugins\custom-form-api\custom-form-api.php on line 183
[06-Jul-2025 14:07:31 UTC] PHP Parse error:  syntax error, unexpected token "if", expecting "function" or "const" in E:\xampp\htdocs\wordpress-demo\wp-content\plugins\custom-form-api\custom-form-api.php on line 183
[06-Jul-2025 14:08:49 UTC] PHP Parse error:  syntax error, unexpected token "if", expecting "function" or "const" in E:\xampp\htdocs\wordpress-demo\wp-content\plugins\custom-form-api\custom-form-api.php on line 183
[06-Jul-2025 14:10:14 UTC] PHP Parse error:  syntax error, unexpected token "if", expecting "function" or "const" in E:\xampp\htdocs\wordpress-demo\wp-content\plugins\custom-form-api\custom-form-api.php on line 183
[06-Jul-2025 14:10:20 UTC] PHP Parse error:  syntax error, unexpected token "if", expecting "function" or "const" in E:\xampp\htdocs\wordpress-demo\wp-content\plugins\custom-form-api\custom-form-api.php on line 183
[06-Jul-2025 14:10:56 UTC] PHP Parse error:  syntax error, unexpected token "if", expecting "function" or "const" in E:\xampp\htdocs\wordpress-demo\wp-content\plugins\custom-form-api\custom-form-api.php on line 183
[06-Jul-2025 14:13:59 UTC] PHP Notice:  Function wpdb::prepare was called <strong>incorrectly</strong>. The query argument of wpdb::prepare() must have a placeholder. Please see <a href="https://developer.wordpress.org/advanced-administration/debug/debug-wordpress/">Debugging in WordPress</a> for more information. (This message was added in version 3.9.0.) in E:\xampp\htdocs\wordpress-demo\wp-includes\functions.php on line 6121
[06-Jul-2025 14:57:03 UTC] PHP Fatal error:  Uncaught TypeError: preg_match(): Argument #2 ($subject) must be of type string, array given in E:\xampp\htdocs\wordpress-demo\wp-includes\formatting.php:1596
Stack trace:
#0 E:\xampp\htdocs\wordpress-demo\wp-includes\formatting.php(1596): preg_match('/[\\x80-\\xff]/', Array)
#1 E:\xampp\htdocs\wordpress-demo\wp-includes\formatting.php(2211): remove_accents(Array)
#2 E:\xampp\htdocs\wordpress-demo\wp-admin\includes\plugin.php(1383): sanitize_title(Array)
#3 E:\xampp\htdocs\wordpress-demo\wp-content\plugins\custom-form-api\custom-form-api.php(162): add_menu_page('Custom Form Sub...', Array, 'dashicons-list-...', '26')
#4 E:\xampp\htdocs\wordpress-demo\wp-includes\class-wp-hook.php(324): customFormApi->admin_menu('')
#5 E:\xampp\htdocs\wordpress-demo\wp-includes\class-wp-hook.php(348): WP_Hook->apply_filters(NULL, Array)
#6 E:\xampp\htdocs\wordpress-demo\wp-includes\plugin.php(517): WP_Hook->do_action(Array)
#7 E:\xampp\htdocs\wordpress-demo\wp-admin\includes\menu.php(161): do_action('admin_menu', '')
#8 E:\xampp\htdocs\wordpress-demo\wp-admin\menu.php(423): require_once('E:\\xampp\\htdocs...')
#9 E:\xampp\htdocs\wordpress-demo\wp-admin\admin.php(159): require('E:\\xampp\\htdocs...')
#10 {main}
  thrown in E:\xampp\htdocs\wordpress-demo\wp-includes\formatting.php on line 1596
[06-Jul-2025 14:57:03 UTC] PHP Fatal error:  Uncaught TypeError: preg_match(): Argument #2 ($subject) must be of type string, array given in E:\xampp\htdocs\wordpress-demo\wp-includes\formatting.php:1596
Stack trace:
#0 E:\xampp\htdocs\wordpress-demo\wp-includes\formatting.php(1596): preg_match('/[\\x80-\\xff]/', Array)
#1 E:\xampp\htdocs\wordpress-demo\wp-includes\formatting.php(2211): remove_accents(Array)
#2 E:\xampp\htdocs\wordpress-demo\wp-admin\includes\plugin.php(1383): sanitize_title(Array)
#3 E:\xampp\htdocs\wordpress-demo\wp-content\plugins\custom-form-api\custom-form-api.php(162): add_menu_page('Custom Form Sub...', Array, 'dashicons-list-...', '26')
#4 E:\xampp\htdocs\wordpress-demo\wp-includes\class-wp-hook.php(324): customFormApi->admin_menu('')
#5 E:\xampp\htdocs\wordpress-demo\wp-includes\class-wp-hook.php(348): WP_Hook->apply_filters(NULL, Array)
#6 E:\xampp\htdocs\wordpress-demo\wp-includes\plugin.php(517): WP_Hook->do_action(Array)
#7 E:\xampp\htdocs\wordpress-demo\wp-admin\includes\menu.php(161): do_action('admin_menu', '')
#8 E:\xampp\htdocs\wordpress-demo\wp-admin\menu.php(423): require_once('E:\\xampp\\htdocs...')
#9 E:\xampp\htdocs\wordpress-demo\wp-admin\admin.php(159): require('E:\\xampp\\htdocs...')
#10 {main}
  thrown in E:\xampp\htdocs\wordpress-demo\wp-includes\formatting.php on line 1596
[06-Jul-2025 14:57:25 UTC] PHP Fatal error:  Uncaught TypeError: preg_match(): Argument #2 ($subject) must be of type string, array given in E:\xampp\htdocs\wordpress-demo\wp-includes\formatting.php:1596
Stack trace:
#0 E:\xampp\htdocs\wordpress-demo\wp-includes\formatting.php(1596): preg_match('/[\\x80-\\xff]/', Array)
#1 E:\xampp\htdocs\wordpress-demo\wp-includes\formatting.php(2211): remove_accents(Array)
#2 E:\xampp\htdocs\wordpress-demo\wp-admin\includes\plugin.php(1383): sanitize_title(Array)
#3 E:\xampp\htdocs\wordpress-demo\wp-content\plugins\custom-form-api\custom-form-api.php(162): add_menu_page('Custom Form Sub...', Array, 'dashicons-list-...', '26')
#4 E:\xampp\htdocs\wordpress-demo\wp-includes\class-wp-hook.php(324): customFormApi->admin_menu('')
#5 E:\xampp\htdocs\wordpress-demo\wp-includes\class-wp-hook.php(348): WP_Hook->apply_filters(NULL, Array)
#6 E:\xampp\htdocs\wordpress-demo\wp-includes\plugin.php(517): WP_Hook->do_action(Array)
#7 E:\xampp\htdocs\wordpress-demo\wp-admin\includes\menu.php(161): do_action('admin_menu', '')
#8 E:\xampp\htdocs\wordpress-demo\wp-admin\menu.php(423): require_once('E:\\xampp\\htdocs...')
#9 E:\xampp\htdocs\wordpress-demo\wp-admin\admin.php(159): require('E:\\xampp\\htdocs...')
#10 {main}
  thrown in E:\xampp\htdocs\wordpress-demo\wp-includes\formatting.php on line 1596
[06-Jul-2025 14:57:40 UTC] PHP Fatal error:  Uncaught TypeError: Illegal offset type in isset or empty in E:\xampp\htdocs\wordpress-demo\wp-includes\capabilities.php:839
Stack trace:
#0 E:\xampp\htdocs\wordpress-demo\wp-includes\class-wp-user.php(784): map_meta_cap(Array, 1)
#1 E:\xampp\htdocs\wordpress-demo\wp-includes\capabilities.php(1018): WP_User->has_cap(Array)
#2 E:\xampp\htdocs\wordpress-demo\wp-includes\capabilities.php(911): user_can(Object(WP_User), Array)
#3 E:\xampp\htdocs\wordpress-demo\wp-admin\includes\plugin.php(1387): current_user_can(Array)
#4 E:\xampp\htdocs\wordpress-demo\wp-content\plugins\custom-form-api\custom-form-api.php(162): add_menu_page('Custom Form Sub...', 'Form Submission...', Array, 'dashicons-list-...', 26)
#5 E:\xampp\htdocs\wordpress-demo\wp-includes\class-wp-hook.php(324): customFormApi->admin_menu('')
#6 E:\xampp\htdocs\wordpress-demo\wp-includes\class-wp-hook.php(348): WP_Hook->apply_filters(NULL, Array)
#7 E:\xampp\htdocs\wordpress-demo\wp-includes\plugin.php(517): WP_Hook->do_action(Array)
#8 E:\xampp\htdocs\wordpress-demo\wp-admin\includes\menu.php(161): do_action('admin_menu', '')
#9 E:\xampp\htdocs\wordpress-demo\wp-admin\menu.php(423): require_once('E:\\xampp\\htdocs...')
#10 E:\xampp\htdocs\wordpress-demo\wp-admin\admin.php(159): require('E:\\xampp\\htdocs...')
#11 {main}
  thrown in E:\xampp\htdocs\wordpress-demo\wp-includes\capabilities.php on line 839
[06-Jul-2025 14:58:12 UTC] Automatic updates starting...
[06-Jul-2025 14:58:12 UTC]   Automatic plugin updates starting...
[06-Jul-2025 14:58:13 UTC]   Automatic plugin updates complete.
[06-Jul-2025 14:58:14 UTC] Automatic updates complete.
[06-Jul-2025 15:05:09 UTC] PHP Fatal error:  Uncaught TypeError: strpos(): Argument #1 ($haystack) must be of type string, array given in E:\xampp\htdocs\wordpress-demo\wp-includes\functions.php:7360
Stack trace:
#0 E:\xampp\htdocs\wordpress-demo\wp-includes\functions.php(7360): strpos(Array, '://')
#1 E:\xampp\htdocs\wordpress-demo\wp-includes\functions.php(2188): wp_is_stream(Array)
#2 E:\xampp\htdocs\wordpress-demo\wp-includes\plugin.php(769): wp_normalize_path(Array)
#3 E:\xampp\htdocs\wordpress-demo\wp-admin\includes\plugin.php(1381): plugin_basename(Array)
#4 E:\xampp\htdocs\wordpress-demo\wp-content\plugins\custom-form-api\custom-form-api.php(162): add_menu_page('Custom Form Sub...', 'Form Submission...', 'custom-form-sub...', Array, 'dashicons-list-...', 99)
#5 E:\xampp\htdocs\wordpress-demo\wp-includes\class-wp-hook.php(324): customFormApi->admin_menu('')
#6 E:\xampp\htdocs\wordpress-demo\wp-includes\class-wp-hook.php(348): WP_Hook->apply_filters(NULL, Array)
#7 E:\xampp\htdocs\wordpress-demo\wp-includes\plugin.php(517): WP_Hook->do_action(Array)
#8 E:\xampp\htdocs\wordpress-demo\wp-admin\includes\menu.php(161): do_action('admin_menu', '')
#9 E:\xampp\htdocs\wordpress-demo\wp-admin\menu.php(423): require_once('E:\\xampp\\htdocs...')
#10 E:\xampp\htdocs\wordpress-demo\wp-admin\admin.php(159): require('E:\\xampp\\htdocs...')
#11 {main}
  thrown in E:\xampp\htdocs\wordpress-demo\wp-includes\functions.php on line 7360
[06-Jul-2025 18:23:36 UTC] PHP Warning:  include(E:\xampp\htdocs\wordpress-demo\wp-content\plugins\custom-form-api/form-data.php): Failed to open stream: No such file or directory in E:\xampp\htdocs\wordpress-demo\wp-content\plugins\custom-form-api\custom-form-api.php on line 181
[06-Jul-2025 18:23:36 UTC] PHP Warning:  include(): Failed opening 'E:\xampp\htdocs\wordpress-demo\wp-content\plugins\custom-form-api/form-data.php' for inclusion (include_path='E:\xampp\php\PEAR') in E:\xampp\htdocs\wordpress-demo\wp-content\plugins\custom-form-api\custom-form-api.php on line 181
[06-Jul-2025 18:24:43 UTC] PHP Warning:  include(E:\xampp\htdocs\wordpress-demo\wp-content\plugins\custom-form-api/&lt;views&gt;form-data.php): Failed to open stream: No such file or directory in E:\xampp\htdocs\wordpress-demo\wp-content\plugins\custom-form-api\custom-form-api.php on line 181
[06-Jul-2025 18:24:43 UTC] PHP Warning:  include(): Failed opening 'E:\xampp\htdocs\wordpress-demo\wp-content\plugins\custom-form-api/&lt;views&gt;form-data.php' for inclusion (include_path='E:\xampp\php\PEAR') in E:\xampp\htdocs\wordpress-demo\wp-content\plugins\custom-form-api\custom-form-api.php on line 181
[06-Jul-2025 18:28:24 UTC] PHP Notice:  Function register_uninstall_hook was called <strong>incorrectly</strong>. Only a static class method or function can be used in an uninstall hook. Please see <a href="https://developer.wordpress.org/advanced-administration/debug/debug-wordpress/">Debugging in WordPress</a> for more information. (This message was added in version 3.1.0.) in E:\xampp\htdocs\wordpress-demo\wp-includes\functions.php on line 6121
[06-Jul-2025 18:30:25 UTC] PHP Notice:  Function register_uninstall_hook was called <strong>incorrectly</strong>. Only a static class method or function can be used in an uninstall hook. Please see <a href="https://developer.wordpress.org/advanced-administration/debug/debug-wordpress/">Debugging in WordPress</a> for more information. (This message was added in version 3.1.0.) in E:\xampp\htdocs\wordpress-demo\wp-includes\functions.php on line 6121
[06-Jul-2025 18:31:41 UTC] PHP Notice:  Function register_uninstall_hook was called <strong>incorrectly</strong>. Only a static class method or function can be used in an uninstall hook. Please see <a href="https://developer.wordpress.org/advanced-administration/debug/debug-wordpress/">Debugging in WordPress</a> for more information. (This message was added in version 3.1.0.) in E:\xampp\htdocs\wordpress-demo\wp-includes\functions.php on line 6121
[06-Jul-2025 18:31:43 UTC] PHP Notice:  Function register_uninstall_hook was called <strong>incorrectly</strong>. Only a static class method or function can be used in an uninstall hook. Please see <a href="https://developer.wordpress.org/advanced-administration/debug/debug-wordpress/">Debugging in WordPress</a> for more information. (This message was added in version 3.1.0.) in E:\xampp\htdocs\wordpress-demo\wp-includes\functions.php on line 6121
[06-Jul-2025 18:31:47 UTC] PHP Notice:  Function register_uninstall_hook was called <strong>incorrectly</strong>. Only a static class method or function can be used in an uninstall hook. Please see <a href="https://developer.wordpress.org/advanced-administration/debug/debug-wordpress/">Debugging in WordPress</a> for more information. (This message was added in version 3.1.0.) in E:\xampp\htdocs\wordpress-demo\wp-includes\functions.php on line 6121
[06-Jul-2025 19:37:42 UTC] PHP Warning:  Undefined variable $wpdb in E:\xampp\htdocs\wordpress-demo\wp-content\plugins\custom-form-api\custom-form-api.php on line 26
[06-Jul-2025 19:37:42 UTC] PHP Warning:  Attempt to read property "prefix" on null in E:\xampp\htdocs\wordpress-demo\wp-content\plugins\custom-form-api\custom-form-api.php on line 26
[06-Jul-2025 19:37:42 UTC] PHP Warning:  Undefined variable $wpdb in E:\xampp\htdocs\wordpress-demo\wp-content\plugins\custom-form-api\custom-form-api.php on line 27
[06-Jul-2025 19:37:42 UTC] PHP Fatal error:  Uncaught Error: Call to a member function get_charset_collate() on null in E:\xampp\htdocs\wordpress-demo\wp-content\plugins\custom-form-api\custom-form-api.php:27
Stack trace:
#0 E:\xampp\htdocs\wordpress-demo\wp-includes\class-wp-hook.php(324): customFormApi->activate(false)
#1 E:\xampp\htdocs\wordpress-demo\wp-includes\class-wp-hook.php(348): WP_Hook->apply_filters('', Array)
#2 E:\xampp\htdocs\wordpress-demo\wp-includes\plugin.php(517): WP_Hook->do_action(Array)
#3 E:\xampp\htdocs\wordpress-demo\wp-admin\includes\plugin.php(703): do_action('activate_custom...', false)
#4 E:\xampp\htdocs\wordpress-demo\wp-admin\plugins.php(60): activate_plugin('custom-form-api...', 'http://localhos...', false)
#5 {main}
  thrown in E:\xampp\htdocs\wordpress-demo\wp-content\plugins\custom-form-api\custom-form-api.php on line 27
[06-Jul-2025 19:37:53 UTC] PHP Warning:  Undefined variable $wpdb in E:\xampp\htdocs\wordpress-demo\wp-content\plugins\custom-form-api\custom-form-api.php on line 26
[06-Jul-2025 19:37:53 UTC] PHP Warning:  Attempt to read property "prefix" on null in E:\xampp\htdocs\wordpress-demo\wp-content\plugins\custom-form-api\custom-form-api.php on line 26
[06-Jul-2025 19:37:53 UTC] PHP Warning:  Undefined variable $wpdb in E:\xampp\htdocs\wordpress-demo\wp-content\plugins\custom-form-api\custom-form-api.php on line 27
[06-Jul-2025 19:37:53 UTC] PHP Fatal error:  Uncaught Error: Call to a member function get_charset_collate() on null in E:\xampp\htdocs\wordpress-demo\wp-content\plugins\custom-form-api\custom-form-api.php:27
Stack trace:
#0 E:\xampp\htdocs\wordpress-demo\wp-includes\class-wp-hook.php(324): customFormApi->activate(false)
#1 E:\xampp\htdocs\wordpress-demo\wp-includes\class-wp-hook.php(348): WP_Hook->apply_filters('', Array)
#2 E:\xampp\htdocs\wordpress-demo\wp-includes\plugin.php(517): WP_Hook->do_action(Array)
#3 E:\xampp\htdocs\wordpress-demo\wp-admin\includes\plugin.php(703): do_action('activate_custom...', false)
#4 E:\xampp\htdocs\wordpress-demo\wp-admin\plugins.php(60): activate_plugin('custom-form-api...', 'http://localhos...', false)
#5 {main}
  thrown in E:\xampp\htdocs\wordpress-demo\wp-content\plugins\custom-form-api\custom-form-api.php on line 27
